N
N
Y
N
Y
Y
N
N
N
N

20765
Y
19923
N
546
N
20431
N
10537
Y
3948
N
6496
N
19005
N
31910
N
17115
N
4769
Y
19477
N
13717
N
18157
Y
15116
N
28972
N
13955
Y
4554
N
5818
Y
14733
N
6750
N
16764
N
16163
Y
15902
Y
9863
Y
5547
N
1494
N
6273
N
9000
N
13994
Y

D:\Desktop\C++\1-1> cmd /C "c:\Users\14362\.vscode\extensions\ms-vscode.cpptools-1.3.1\debugAdapters\bin\WindowsDebugLauncher.exe --stdin=Microsoft-MIEngine-In-mbwy0yvw.duk --stdout=Microsoft-MIEngine-Out-jdndxc1x.tyz --stderr=Microsoft-MIEngine-Error-1ebpurli.c33 --pid=Microsoft-MIEngine-Pid-1eisc1ye.cfj --dbgExe=D:\Langue\C++\mingw64\bin\gdb.exe --interpreter=mi "
请输入一个数
10
20892
N
13127
N
9121
Y
8628
N
19589
Y
26018
Y
29578
N
3146
N
20502
N
6716
N